
=ERROR REPORT==== 6-Apr-2013::15:03:24 ===
** Generic server boss_service_sup terminating 
** Last message in was {'EXIT',<0.66.0>,
                        {{badmatch,
                          {error,
                           {{bad_return_value,ok},
                            {child,undefined,webs_websservice_websocket,
                             {boss_service_worker,start_link,
                              [webs_websservice_websocket]},
                             permanent,5000,worker,
                             [webs_websservice_websocket]}}}},
                         [{boss_service_sup,'-start_services/2-fun-0-',3,
                           [{file,"src/boss/boss_service_sup.erl"},{line,65}]},
                          {lists,foldl,3,[{file,"lists.erl"},{line,1197}]},
                          {boss_service_sup,start_services,2,
                           [{file,"src/boss/boss_service_sup.erl"},{line,62}]},
                          {boss_web_controller,'-handle_info/2-fun-0-',2,
                           [{file,"src/boss/boss_web_controller.erl"},
                            {line,195}]},
                          {lists,map,2,[{file,"lists.erl"},{line,1173}]},
                          {boss_web_controller,handle_info,2,
                           [{file,"src/boss/boss_web_controller.erl"},
                            {line,178}]},
                          {gen_server,handle_msg,5,
                           [{file,"gen_server.erl"},{line,607}]},
                          {proc_lib,init_p_do_apply,3,
                           [{file,"proc_lib.erl"},{line,227}]}]}}
** When Server state == {state,
                            {global,boss_service_sup},
                            one_for_all,
                            [{child,<0.227.0>,boss_websocket_router,
                                 {boss_websocket_router,start_link,[]},
                                 permanent,5000,worker,
                                 [boss_websocket_router]}],
                            undefined,10,10,[],boss_service_sup,[]}
** Reason for termination == 
** {{badmatch,
        {error,
            {{bad_return_value,ok},
             {child,undefined,webs_websservice_websocket,
                 {boss_service_worker,start_link,[webs_websservice_websocket]},
                 permanent,5000,worker,
                 [webs_websservice_websocket]}}}},
    [{boss_service_sup,'-start_services/2-fun-0-',3,
         [{file,"src/boss/boss_service_sup.erl"},{line,65}]},
     {lists,foldl,3,[{file,"lists.erl"},{line,1197}]},
     {boss_service_sup,start_services,2,
         [{file,"src/boss/boss_service_sup.erl"},{line,62}]},
     {boss_web_controller,'-handle_info/2-fun-0-',2,
         [{file,"src/boss/boss_web_controller.erl"},{line,195}]},
     {lists,map,2,[{file,"lists.erl"},{line,1173}]},
     {boss_web_controller,handle_info,2,
         [{file,"src/boss/boss_web_controller.erl"},{line,178}]},
     {gen_server,handle_msg,5,[{file,"gen_server.erl"},{line,607}]},
     {proc_lib,init_p_do_apply,3,[{file,"proc_lib.erl"},{line,227}]}]}

=ERROR REPORT==== 6-Apr-2013::15:03:24 ===
** Generic server boss_mail_sup terminating 
** Last message in was {'EXIT',<0.66.0>,
                        {{badmatch,
                          {error,
                           {{bad_return_value,ok},
                            {child,undefined,webs_websservice_websocket,
                             {boss_service_worker,start_link,
                              [webs_websservice_websocket]},
                             permanent,5000,worker,
                             [webs_websservice_websocket]}}}},
                         [{boss_service_sup,'-start_services/2-fun-0-',3,
                           [{file,"src/boss/boss_service_sup.erl"},{line,65}]},
                          {lists,foldl,3,[{file,"lists.erl"},{line,1197}]},
                          {boss_service_sup,start_services,2,
                           [{file,"src/boss/boss_service_sup.erl"},{line,62}]},
                          {boss_web_controller,'-handle_info/2-fun-0-',2,
                           [{file,"src/boss/boss_web_controller.erl"},
                            {line,195}]},
                          {lists,map,2,[{file,"lists.erl"},{line,1173}]},
                          {boss_web_controller,handle_info,2,
                           [{file,"src/boss/boss_web_controller.erl"},
                            {line,178}]},
                          {gen_server,handle_msg,5,
                           [{file,"gen_server.erl"},{line,607}]},
                          {proc_lib,init_p_do_apply,3,
                           [{file,"proc_lib.erl"},{line,227}]}]}}
** When Server state == {state,
                            {local,boss_mail_sup},
                            one_for_one,
                            [{child,<0.114.0>,mail_controller,
                                 {boss_mail_controller,start_link,
                                     [[{driver,boss_mail_driver_smtp}]]},
                                 permanent,2000,worker,
                                 [boss_mail_controller]}],
                            undefined,10,10,[],boss_mail_sup,
                            [{driver,boss_mail_driver_smtp}]}
** Reason for termination == 
** {{badmatch,
        {error,
            {{bad_return_value,ok},
             {child,undefined,webs_websservice_websocket,
                 {boss_service_worker,start_link,[webs_websservice_websocket]},
                 permanent,5000,worker,
                 [webs_websservice_websocket]}}}},
    [{boss_service_sup,'-start_services/2-fun-0-',3,
         [{file,"src/boss/boss_service_sup.erl"},{line,65}]},
     {lists,foldl,3,[{file,"lists.erl"},{line,1197}]},
     {boss_service_sup,start_services,2,
         [{file,"src/boss/boss_service_sup.erl"},{line,62}]},
     {boss_web_controller,'-handle_info/2-fun-0-',2,
         [{file,"src/boss/boss_web_controller.erl"},{line,195}]},
     {lists,map,2,[{file,"lists.erl"},{line,1173}]},
     {boss_web_controller,handle_info,2,
         [{file,"src/boss/boss_web_controller.erl"},{line,178}]},
     {gen_server,handle_msg,5,[{file,"gen_server.erl"},{line,607}]},
     {proc_lib,init_p_do_apply,3,[{file,"proc_lib.erl"},{line,227}]}]}

=ERROR REPORT==== 6-Apr-2013::15:03:24 ===
** Generic server boss_db_sup terminating 
** Last message in was {'EXIT',<0.66.0>,
                        {{badmatch,
                          {error,
                           {{bad_return_value,ok},
                            {child,undefined,webs_websservice_websocket,
                             {boss_service_worker,start_link,
                              [webs_websservice_websocket]},
                             permanent,5000,worker,
                             [webs_websservice_websocket]}}}},
                         [{boss_service_sup,'-start_services/2-fun-0-',3,
                           [{file,"src/boss/boss_service_sup.erl"},{line,65}]},
                          {lists,foldl,3,[{file,"lists.erl"},{line,1197}]},
                          {boss_service_sup,start_services,2,
                           [{file,"src/boss/boss_service_sup.erl"},{line,62}]},
                          {boss_web_controller,'-handle_info/2-fun-0-',2,
                           [{file,"src/boss/boss_web_controller.erl"},
                            {line,195}]},
                          {lists,map,2,[{file,"lists.erl"},{line,1173}]},
                          {boss_web_controller,handle_info,2,
                           [{file,"src/boss/boss_web_controller.erl"},
                            {line,178}]},
                          {gen_server,handle_msg,5,
                           [{file,"gen_server.erl"},{line,607}]},
                          {proc_lib,init_p_do_apply,3,
                           [{file,"proc_lib.erl"},{line,227}]}]}}
** When Server state == {state,
                            {local,boss_db_sup},
                            one_for_one,
                            [{child,<0.71.0>,db_controller,
                                 {poolboy,start_link,
                                     [[{name,{local,boss_db_pool}},
                                       {worker_module,boss_db_controller},
                                       {size,5},
                                       {max_overflow,10},
                                       {adapter,mock},
                                       {cache_enable,false},
                                       {shards,[]},
                                       {is_master_node,true},
                                       {db_host,"localhost"},
                                       {db_port,1978}]]},
                                 permanent,2000,worker,
                                 [poolboy]}],
                            undefined,10,10,[],boss_db_sup,
                            [{adapter,mock},
                             {cache_enable,false},
                             {shards,[]},
                             {is_master_node,true},
                             {db_host,"localhost"},
                             {db_port,1978}]}
** Reason for termination == 
** {{badmatch,
        {error,
            {{bad_return_value,ok},
             {child,undefined,webs_websservice_websocket,
                 {boss_service_worker,start_link,[webs_websservice_websocket]},
                 permanent,5000,worker,
                 [webs_websservice_websocket]}}}},
    [{boss_service_sup,'-start_services/2-fun-0-',3,
         [{file,"src/boss/boss_service_sup.erl"},{line,65}]},
     {lists,foldl,3,[{file,"lists.erl"},{line,1197}]},
     {boss_service_sup,start_services,2,
         [{file,"src/boss/boss_service_sup.erl"},{line,62}]},
     {boss_web_controller,'-handle_info/2-fun-0-',2,
         [{file,"src/boss/boss_web_controller.erl"},{line,195}]},
     {lists,map,2,[{file,"lists.erl"},{line,1173}]},
     {boss_web_controller,handle_info,2,
         [{file,"src/boss/boss_web_controller.erl"},{line,178}]},
     {gen_server,handle_msg,5,[{file,"gen_server.erl"},{line,607}]},
     {proc_lib,init_p_do_apply,3,[{file,"proc_lib.erl"},{line,227}]}]}

=ERROR REPORT==== 6-Apr-2013::15:03:24 ===
** Generic server boss_db_mock_sup terminating 
** Last message in was {'EXIT',<0.66.0>,
                        {{badmatch,
                          {error,
                           {{bad_return_value,ok},
                            {child,undefined,webs_websservice_websocket,
                             {boss_service_worker,start_link,
                              [webs_websservice_websocket]},
                             permanent,5000,worker,
                             [webs_websservice_websocket]}}}},
                         [{boss_service_sup,'-start_services/2-fun-0-',3,
                           [{file,"src/boss/boss_service_sup.erl"},{line,65}]},
                          {lists,foldl,3,[{file,"lists.erl"},{line,1197}]},
                          {boss_service_sup,start_services,2,
                           [{file,"src/boss/boss_service_sup.erl"},{line,62}]},
                          {boss_web_controller,'-handle_info/2-fun-0-',2,
                           [{file,"src/boss/boss_web_controller.erl"},
                            {line,195}]},
                          {lists,map,2,[{file,"lists.erl"},{line,1173}]},
                          {boss_web_controller,handle_info,2,
                           [{file,"src/boss/boss_web_controller.erl"},
                            {line,178}]},
                          {gen_server,handle_msg,5,
                           [{file,"gen_server.erl"},{line,607}]},
                          {proc_lib,init_p_do_apply,3,
                           [{file,"proc_lib.erl"},{line,227}]}]}}
** When Server state == {state,
                            {global,boss_db_mock_sup},
                            one_for_one,
                            [{child,<0.69.0>,db_mock_controller,
                                 {boss_db_mock_controller,start_link,[[]]},
                                 permanent,2000,worker,
                                 [boss_db_mock_controller]}],
                            undefined,10,10,[],boss_db_mock_sup,[]}
** Reason for termination == 
** {{badmatch,
        {error,
            {{bad_return_value,ok},
             {child,undefined,webs_websservice_websocket,
                 {boss_service_worker,start_link,[webs_websservice_websocket]},
                 permanent,5000,worker,
                 [webs_websservice_websocket]}}}},
    [{boss_service_sup,'-start_services/2-fun-0-',3,
         [{file,"src/boss/boss_service_sup.erl"},{line,65}]},
     {lists,foldl,3,[{file,"lists.erl"},{line,1197}]},
     {boss_service_sup,start_services,2,
         [{file,"src/boss/boss_service_sup.erl"},{line,62}]},
     {boss_web_controller,'-handle_info/2-fun-0-',2,
         [{file,"src/boss/boss_web_controller.erl"},{line,195}]},
     {lists,map,2,[{file,"lists.erl"},{line,1173}]},
     {boss_web_controller,handle_info,2,
         [{file,"src/boss/boss_web_controller.erl"},{line,178}]},
     {gen_server,handle_msg,5,[{file,"gen_server.erl"},{line,607}]},
     {proc_lib,init_p_do_apply,3,[{file,"proc_lib.erl"},{line,227}]}]}

=ERROR REPORT==== 6-Apr-2013::15:03:24 ===
** Generic server boss_session_sup terminating 
** Last message in was {'EXIT',<0.66.0>,
                        {{badmatch,
                          {error,
                           {{bad_return_value,ok},
                            {child,undefined,webs_websservice_websocket,
                             {boss_service_worker,start_link,
                              [webs_websservice_websocket]},
                             permanent,5000,worker,
                             [webs_websservice_websocket]}}}},
                         [{boss_service_sup,'-start_services/2-fun-0-',3,
                           [{file,"src/boss/boss_service_sup.erl"},{line,65}]},
                          {lists,foldl,3,[{file,"lists.erl"},{line,1197}]},
                          {boss_service_sup,start_services,2,
                           [{file,"src/boss/boss_service_sup.erl"},{line,62}]},
                          {boss_web_controller,'-handle_info/2-fun-0-',2,
                           [{file,"src/boss/boss_web_controller.erl"},
                            {line,195}]},
                          {lists,map,2,[{file,"lists.erl"},{line,1173}]},
                          {boss_web_controller,handle_info,2,
                           [{file,"src/boss/boss_web_controller.erl"},
                            {line,178}]},
                          {gen_server,handle_msg,5,
                           [{file,"gen_server.erl"},{line,607}]},
                          {proc_lib,init_p_do_apply,3,
                           [{file,"proc_lib.erl"},{line,227}]}]}}
** When Server state == {state,
                            {local,boss_session_sup},
                            one_for_one,
                            [{child,<0.81.0>,session_controller,
                                 {poolboy,start_link,
                                     [[{name,{local,boss_session_pool}},
                                       {worker_module,boss_session_controller},
                                       {size,20},
                                       {max_overflow,40},
                                       {adapter,boss_session_adapter_mock},
                                       {session_exp_time,525600},
                                       {session_key,"_boss_session"}]]},
                                 permanent,2000,worker,
                                 [poolboy]}],
                            undefined,10,10,[],boss_session_sup,
                            [{adapter,boss_session_adapter_mock},
                             {session_exp_time,525600},
                             {session_key,"_boss_session"}]}
** Reason for termination == 
** {{badmatch,
        {error,
            {{bad_return_value,ok},
             {child,undefined,webs_websservice_websocket,
                 {boss_service_worker,start_link,[webs_websservice_websocket]},
                 permanent,5000,worker,
                 [webs_websservice_websocket]}}}},
    [{boss_service_sup,'-start_services/2-fun-0-',3,
         [{file,"src/boss/boss_service_sup.erl"},{line,65}]},
     {lists,foldl,3,[{file,"lists.erl"},{line,1197}]},
     {boss_service_sup,start_services,2,
         [{file,"src/boss/boss_service_sup.erl"},{line,62}]},
     {boss_web_controller,'-handle_info/2-fun-0-',2,
         [{file,"src/boss/boss_web_controller.erl"},{line,195}]},
     {lists,map,2,[{file,"lists.erl"},{line,1173}]},
     {boss_web_controller,handle_info,2,
         [{file,"src/boss/boss_web_controller.erl"},{line,178}]},
     {gen_server,handle_msg,5,[{file,"gen_server.erl"},{line,607}]},
     {proc_lib,init_p_do_apply,3,[{file,"proc_lib.erl"},{line,227}]}]}

=ERROR REPORT==== 6-Apr-2013::15:03:24 ===
** Generic server boss_news_sup terminating 
** Last message in was {'EXIT',<0.66.0>,
                        {{badmatch,
                          {error,
                           {{bad_return_value,ok},
                            {child,undefined,webs_websservice_websocket,
                             {boss_service_worker,start_link,
                              [webs_websservice_websocket]},
                             permanent,5000,worker,
                             [webs_websservice_websocket]}}}},
                         [{boss_service_sup,'-start_services/2-fun-0-',3,
                           [{file,"src/boss/boss_service_sup.erl"},{line,65}]},
                          {lists,foldl,3,[{file,"lists.erl"},{line,1197}]},
                          {boss_service_sup,start_services,2,
                           [{file,"src/boss/boss_service_sup.erl"},{line,62}]},
                          {boss_web_controller,'-handle_info/2-fun-0-',2,
                           [{file,"src/boss/boss_web_controller.erl"},
                            {line,195}]},
                          {lists,map,2,[{file,"lists.erl"},{line,1173}]},
                          {boss_web_controller,handle_info,2,
                           [{file,"src/boss/boss_web_controller.erl"},
                            {line,178}]},
                          {gen_server,handle_msg,5,
                           [{file,"gen_server.erl"},{line,607}]},
                          {proc_lib,init_p_do_apply,3,
                           [{file,"proc_lib.erl"},{line,227}]}]}}
** When Server state == {state,
                            {global,boss_news_sup},
                            one_for_one,
                            [{child,<0.112.0>,news_controller,
                                 {boss_news_controller,start_link,[[]]},
                                 permanent,2000,worker,
                                 [boss_news_controller]}],
                            undefined,10,10,[],boss_news_sup,[]}
** Reason for termination == 
** {{badmatch,
        {error,
            {{bad_return_value,ok},
             {child,undefined,webs_websservice_websocket,
                 {boss_service_worker,start_link,[webs_websservice_websocket]},
                 permanent,5000,worker,
                 [webs_websservice_websocket]}}}},
    [{boss_service_sup,'-start_services/2-fun-0-',3,
         [{file,"src/boss/boss_service_sup.erl"},{line,65}]},
     {lists,foldl,3,[{file,"lists.erl"},{line,1197}]},
     {boss_service_sup,start_services,2,
         [{file,"src/boss/boss_service_sup.erl"},{line,62}]},
     {boss_web_controller,'-handle_info/2-fun-0-',2,
         [{file,"src/boss/boss_web_controller.erl"},{line,195}]},
     {lists,map,2,[{file,"lists.erl"},{line,1173}]},
     {boss_web_controller,handle_info,2,
         [{file,"src/boss/boss_web_controller.erl"},{line,178}]},
     {gen_server,handle_msg,5,[{file,"gen_server.erl"},{line,607}]},
     {proc_lib,init_p_do_apply,3,[{file,"proc_lib.erl"},{line,227}]}]}

=ERROR REPORT==== 6-Apr-2013::15:03:24 ===
** Generic server boss_mq_sup terminating 
** Last message in was {'EXIT',<0.66.0>,
                        {{badmatch,
                          {error,
                           {{bad_return_value,ok},
                            {child,undefined,webs_websservice_websocket,
                             {boss_service_worker,start_link,
                              [webs_websservice_websocket]},
                             permanent,5000,worker,
                             [webs_websservice_websocket]}}}},
                         [{boss_service_sup,'-start_services/2-fun-0-',3,
                           [{file,"src/boss/boss_service_sup.erl"},{line,65}]},
                          {lists,foldl,3,[{file,"lists.erl"},{line,1197}]},
                          {boss_service_sup,start_services,2,
                           [{file,"src/boss/boss_service_sup.erl"},{line,62}]},
                          {boss_web_controller,'-handle_info/2-fun-0-',2,
                           [{file,"src/boss/boss_web_controller.erl"},
                            {line,195}]},
                          {lists,map,2,[{file,"lists.erl"},{line,1173}]},
                          {boss_web_controller,handle_info,2,
                           [{file,"src/boss/boss_web_controller.erl"},
                            {line,178}]},
                          {gen_server,handle_msg,5,
                           [{file,"gen_server.erl"},{line,607}]},
                          {proc_lib,init_p_do_apply,3,
                           [{file,"proc_lib.erl"},{line,227}]}]}}
** When Server state == {state,
                            {global,boss_mq_sup},
                            one_for_one,
                            [{child,<0.104.0>,mq_controller,
                                 {boss_mq_controller,start_link,
                                     [[{adapter,boss_mq_adapter_tinymq}]]},
                                 permanent,2000,worker,
                                 [boss_mq_controller]}],
                            undefined,10,10,[],boss_mq_sup,
                            [{adapter,boss_mq_adapter_tinymq}]}
** Reason for termination == 
** {{badmatch,
        {error,
            {{bad_return_value,ok},
             {child,undefined,webs_websservice_websocket,
                 {boss_service_worker,start_link,[webs_websservice_websocket]},
                 permanent,5000,worker,
                 [webs_websservice_websocket]}}}},
    [{boss_service_sup,'-start_services/2-fun-0-',3,
         [{file,"src/boss/boss_service_sup.erl"},{line,65}]},
     {lists,foldl,3,[{file,"lists.erl"},{line,1197}]},
     {boss_service_sup,start_services,2,
         [{file,"src/boss/boss_service_sup.erl"},{line,62}]},
     {boss_web_controller,'-handle_info/2-fun-0-',2,
         [{file,"src/boss/boss_web_controller.erl"},{line,195}]},
     {lists,map,2,[{file,"lists.erl"},{line,1173}]},
     {boss_web_controller,handle_info,2,
         [{file,"src/boss/boss_web_controller.erl"},{line,178}]},
     {gen_server,handle_msg,5,[{file,"gen_server.erl"},{line,607}]},
     {proc_lib,init_p_do_apply,3,[{file,"proc_lib.erl"},{line,227}]}]}

=ERROR REPORT==== 6-Apr-2013::15:03:24 ===
** Generic server boss_session_mock_sup terminating 
** Last message in was {'EXIT',<0.66.0>,
                        {{badmatch,
                          {error,
                           {{bad_return_value,ok},
                            {child,undefined,webs_websservice_websocket,
                             {boss_service_worker,start_link,
                              [webs_websservice_websocket]},
                             permanent,5000,worker,
                             [webs_websservice_websocket]}}}},
                         [{boss_service_sup,'-start_services/2-fun-0-',3,
                           [{file,"src/boss/boss_service_sup.erl"},{line,65}]},
                          {lists,foldl,3,[{file,"lists.erl"},{line,1197}]},
                          {boss_service_sup,start_services,2,
                           [{file,"src/boss/boss_service_sup.erl"},{line,62}]},
                          {boss_web_controller,'-handle_info/2-fun-0-',2,
                           [{file,"src/boss/boss_web_controller.erl"},
                            {line,195}]},
                          {lists,map,2,[{file,"lists.erl"},{line,1173}]},
                          {boss_web_controller,handle_info,2,
                           [{file,"src/boss/boss_web_controller.erl"},
                            {line,178}]},
                          {gen_server,handle_msg,5,
                           [{file,"gen_server.erl"},{line,607}]},
                          {proc_lib,init_p_do_apply,3,
                           [{file,"proc_lib.erl"},{line,227}]}]}}
** When Server state == {state,
                            {global,boss_session_mock_sup},
                            one_for_one,
                            [{child,<0.79.0>,session_mock_controller,
                                 {boss_session_mock_controller,start_link,
                                     [[]]},
                                 permanent,2000,worker,
                                 [boss_session_mock_controller]}],
                            undefined,10,10,[],boss_session_mock_sup,[]}
** Reason for termination == 
** {{badmatch,
        {error,
            {{bad_return_value,ok},
             {child,undefined,webs_websservice_websocket,
                 {boss_service_worker,start_link,[webs_websservice_websocket]},
                 permanent,5000,worker,
                 [webs_websservice_websocket]}}}},
    [{boss_service_sup,'-start_services/2-fun-0-',3,
         [{file,"src/boss/boss_service_sup.erl"},{line,65}]},
     {lists,foldl,3,[{file,"lists.erl"},{line,1197}]},
     {boss_service_sup,start_services,2,
         [{file,"src/boss/boss_service_sup.erl"},{line,62}]},
     {boss_web_controller,'-handle_info/2-fun-0-',2,
         [{file,"src/boss/boss_web_controller.erl"},{line,195}]},
     {lists,map,2,[{file,"lists.erl"},{line,1173}]},
     {boss_web_controller,handle_info,2,
         [{file,"src/boss/boss_web_controller.erl"},{line,178}]},
     {gen_server,handle_msg,5,[{file,"gen_server.erl"},{line,607}]},
     {proc_lib,init_p_do_apply,3,[{file,"proc_lib.erl"},{line,227}]}]}

=INFO REPORT==== 6-Apr-2013::15:03:24 ===
Starting Boss in development mode....

=INFO REPORT==== 6-Apr-2013::15:03:25 ===
Starting master services on webs@ubuntu

=INFO REPORT==== 6-Apr-2013::15:03:25 ===
SSL:[]

=INFO REPORT==== 6-Apr-2013::15:03:25 ===
Starting cowboy... on webs@ubuntu

=INFO REPORT==== 6-Apr-2013::15:03:25 ===
Starting http listener... on 8001 

=ERROR REPORT==== 6-Apr-2013::15:03:25 ===
** Boss Service Handler webs_websservice_websocket terminating in init/0
   for the reason error:undef
** Stacktrace: [{webs_websservice_websocket,init,[],[]},
                {boss_service_worker,init,1,
                    [{file,"src/boss/boss_service_worker.erl"},{line,65}]},
                {gen_server,init_it,6,[{file,"gen_server.erl"},{line,304}]},
                {proc_lib,init_p_do_apply,3,
                    [{file,"proc_lib.erl"},{line,227}]}]

